E:\VISUALSTUDIOWORKSPACE\587PROJECT\DEBUG\587PROJECT.ILK
E:\VISUALSTUDIOWORKSPACE\587PROJECT\DEBUG\587PROJECT.EXE
E:\VISUALSTUDIOWORKSPACE\587PROJECT\DEBUG\587PROJECT.PDB
E:\VisualStudioWorkspace\587Project\587Project\Debug\kernal.cu.cache
E:\VisualStudioWorkspace\587Project\587Project\Debug\kernal.cu.obj
E:\VisualStudioWorkspace\587Project\587Project\Debug\link-cvtres.read.1.tlog
E:\VisualStudioWorkspace\587Project\587Project\Debug\link-cvtres.write.1.tlog
E:\VisualStudioWorkspace\587Project\587Project\Debug\link-rc.read.1.tlog
E:\VisualStudioWorkspace\587Project\587Project\Debug\link-rc.write.1.tlog
E:\VisualStudioWorkspace\587Project\587Project\Debug\link.11000-cvtres.read.1.tlog
E:\VisualStudioWorkspace\587Project\587Project\Debug\link.11000-cvtres.write.1.tlog
E:\VisualStudioWorkspace\587Project\587Project\Debug\link.11000-rc.read.1.tlog
E:\VisualStudioWorkspace\587Project\587Project\Debug\link.11000-rc.write.1.tlog
E:\VisualStudioWorkspace\587Project\587Project\Debug\link.11000.read.1.tlog
E:\VisualStudioWorkspace\587Project\587Project\Debug\link.11000.write.1.tlog
E:\VisualStudioWorkspace\587Project\587Project\Debug\link.6724-cvtres.read.1.tlog
E:\VisualStudioWorkspace\587Project\587Project\Debug\link.6724-cvtres.write.1.tlog
E:\VisualStudioWorkspace\587Project\587Project\Debug\link.6724-rc.read.1.tlog
E:\VisualStudioWorkspace\587Project\587Project\Debug\link.6724-rc.write.1.tlog
E:\VisualStudioWorkspace\587Project\587Project\Debug\link.6724.read.1.tlog
E:\VisualStudioWorkspace\587Project\587Project\Debug\link.6724.write.1.tlog
E:\VisualStudioWorkspace\587Project\587Project\Debug\link.9260-cvtres.read.1.tlog
E:\VisualStudioWorkspace\587Project\587Project\Debug\link.9260-cvtres.write.1.tlog
E:\VisualStudioWorkspace\587Project\587Project\Debug\link.9260-rc.read.1.tlog
E:\VisualStudioWorkspace\587Project\587Project\Debug\link.9260-rc.write.1.tlog
E:\VisualStudioWorkspace\587Project\587Project\Debug\link.9260.read.1.tlog
E:\VisualStudioWorkspace\587Project\587Project\Debug\link.9260.write.1.tlog
E:\VisualStudioWorkspace\587Project\587Project\Debug\link.command.1.tlog
E:\VisualStudioWorkspace\587Project\587Project\Debug\link.read.1.tlog
E:\VisualStudioWorkspace\587Project\587Project\Debug\link.write.1.tlog
E:\VisualStudioWorkspace\587Project\Debug\587Project.pdb
E:\VisualStudioWorkspace\587Project\Debug\587Project.exe
E:\VisualStudioWorkspace\587Project\Debug\587Project.ilk
